<?xml version="1.0" encoding="UTF-8"?>
<!-- Generated by org.testng.reporters.JUnitReportReporter -->
<testsuite hostname="DESKTOP-T0FEKI0" failures="0" tests="1" name="Automation.Pakwheel.AppTest" time="0.020" errors="0" timestamp="2023-05-23T16:20:28 PKT" skipped="0">
  <testcase classname="Automation.Pakwheel.AppTest" name="shouldAnswerWithTrue" time="0.020"/>
  <system-out/>
</testsuite> <!-- Automation.Pakwheel.AppTest -->
