<?xml version="1.0" encoding="UTF-8"?>
<!-- Generated by org.testng.reporters.JUnitReportReporter -->
<testsuite hostname="DESKTOP-T0FEKI0" failures="0" tests="1" name="Automation.Pakwheel.TestClass" time="0.030" errors="0" timestamp="2023-05-23T16:17:13 PKT" skipped="0">
  <testcase classname="Automation.Pakwheel.TestClass" name="Test" time="0.030"/>
  <system-out/>
</testsuite> <!-- Automation.Pakwheel.TestClass -->
