<?xml version="1.0" encoding="UTF-8"?>
<!-- Generated by org.testng.reporters.JUnitReportReporter -->
<testsuite hostname="DESKTOP-T0FEKI0" failures="0" tests="5" name="Automation.Pakwheel.HomePageTest" time="10.714" errors="0" timestamp="2023-05-26T16:49:51 PKT" skipped="0">
  <testcase classname="Automation.Pakwheel.HomePageTest" name="SubscribeNewsLetterCancel" time="0.548"/>
  <system-out/>
  <testcase classname="Automation.Pakwheel.HomePageTest" name="mainLogoVisibility" time="0.435"/>
  <system-out/>
  <testcase classname="Automation.Pakwheel.HomePageTest" name="DownloadAppBtn" time="1.445"/>
  <system-out/>
  <testcase classname="Automation.Pakwheel.HomePageTest" name="urduLanguageBtn" time="4.903"/>
  <system-out/>
  <testcase classname="Automation.Pakwheel.HomePageTest" name="main_banner_text_verification" time="3.383"/>
  <system-out/>
</testsuite> <!-- Automation.Pakwheel.HomePageTest -->
